# JRE version: OpenJDK Runtime Environment (17.0.6) (build 17.0.6+0-b2043.56-9586694)
# Java VM: OpenJDK 64-Bit Server VM (17.0.6+0-b2043.56-9586694, mixed mode, tiered, compressed oops, compressed class ptrs, g1 gc, windows-amd64)
GC Precious Log:
 CPUs: 6 total, 6 available
 Memory: 8064M
 Large Page Support: Disabled
 NUMA Support: Disabled
 Compressed Oops: Enabled (32-bit)
 Heap Region Size: 1M
 Heap Min Capacity: 8M
 Heap Initial Capacity: 128M
 Heap Max Capacity: 1536M
 Pre-touch: Disabled
 Parallel Workers: 6
 Concurrent Workers: 2
 Concurrent Refinement Workers: 6
 Periodic GC: Disabled
Heap:
 garbage-first heap   total 334848K, used 248812K [0x00000000a0000000, 0x0000000100000000)
  region size 1024K, 134 young (137216K), 1 survivors (1024K)
 Metaspace       used 102882K, committed 103744K, reserved 1138688K
  class space    used 13769K, committed 14144K, reserved 1048576K
GC Heap History (20 events):
Event: 1204.236 GC heap before
{Heap before GC invocations=38 (full 0):
 garbage-first heap   total 235520K, used 212905K [0x00000000a0000000, 0x0000000100000000)
  region size 1024K, 46 young (47104K), 1 survivors (1024K)
 Metaspace       used 100497K, committed 101312K, reserved 1138688K
  class space    used 13652K, committed 14016K, reserved 1048576K
}
Event: 1204.408 GC heap after
{Heap after GC invocations=39 (full 0):
 garbage-first heap   total 235520K, used 136763K [0x00000000a0000000, 0x0000000100000000)
  region size 1024K, 1 young (1024K), 1 survivors (1024K)
 Metaspace       used 100497K, committed 101312K, reserved 1138688K
  class space    used 13652K, committed 14016K, reserved 1048576K
}
Event: 4205.235 GC heap before
{Heap before GC invocations=39 (full 0):
 garbage-first heap   total 235520K, used 194107K [0x00000000a0000000, 0x0000000100000000)
  region size 1024K, 58 young (59392K), 1 survivors (1024K)
 Metaspace       used 100618K, committed 101376K, reserved 1138688K
  class space    used 13652K, committed 14016K, reserved 1048576K
}
Event: 4205.336 GC heap after
{Heap after GC invocations=40 (full 0):
 garbage-first heap   total 235520K, used 136822K [0x00000000a0000000, 0x0000000100000000)
  region size 1024K, 2 young (2048K), 2 survivors (2048K)
 Metaspace       used 100618K, committed 101376K, reserved 1138688K
  class space    used 13652K, committed 14016K, reserved 1048576K
}
Event: 5297.990 GC heap before
{Heap before GC invocations=40 (full 0):
 garbage-first heap   total 235520K, used 197238K [0x00000000a0000000, 0x0000000100000000)
  region size 1024K, 61 young (62464K), 2 survivors (2048K)
 Metaspace       used 100962K, committed 101760K, reserved 1138688K
  class space    used 13666K, committed 14016K, reserved 1048576K
}
Event: 5298.049 GC heap after
{Heap after GC invocations=41 (full 0):
 garbage-first heap   total 235520K, used 139835K [0x00000000a0000000, 0x0000000100000000)
  region size 1024K, 4 young (4096K), 4 survivors (4096K)
 Metaspace       used 100962K, committed 101760K, reserved 1138688K
  class space    used 13666K, committed 14016K, reserved 1048576K
}
Event: 5305.316 GC heap before
{Heap before GC invocations=41 (full 0):
 garbage-first heap   total 235520K, used 184891K [0x00000000a0000000, 0x0000000100000000)
  region size 1024K, 50 young (51200K), 4 survivors (4096K)
 Metaspace       used 101507K, committed 102336K, reserved 1138688K
  class space    used 13692K, committed 14080K, reserved 1048576K
}
Event: 5305.340 GC heap after
{Heap after GC invocations=42 (full 0):
 garbage-first heap   total 235520K, used 144837K [0x00000000a0000000, 0x0000000100000000)
  region size 1024K, 8 young (8192K), 8 survivors (8192K)
 Metaspace       used 101507K, committed 102336K, reserved 1138688K
  class space    used 13692K, committed 14080K, reserved 1048576K
}
Event: 5306.794 GC heap before
{Heap before GC invocations=43 (full 0):
 garbage-first heap   total 261120K, used 247237K [0x00000000a0000000, 0x0000000100000000)
  region size 1024K, 36 young (36864K), 8 survivors (8192K)
 Metaspace       used 101518K, committed 102464K, reserved 1138688K
  class space    used 13667K, committed 14080K, reserved 1048576K
}
Event: 5306.824 GC heap after
{Heap after GC invocations=44 (full 0):
 garbage-first heap   total 261120K, used 128086K [0x00000000a0000000, 0x0000000100000000)
  region size 1024K, 2 young (2048K), 2 survivors (2048K)
 Metaspace       used 101518K, committed 102464K, reserved 1138688K
  class space    used 13667K, committed 14080K, reserved 1048576K
}
Event: 5547.215 GC heap before
{Heap before GC invocations=44 (full 0):
 garbage-first heap   total 261120K, used 205910K [0x00000000a0000000, 0x0000000100000000)
  region size 1024K, 12 young (12288K), 2 survivors (2048K)
 Metaspace       used 101542K, committed 102464K, reserved 1138688K
  class space    used 13670K, committed 14080K, reserved 1048576K
}
Event: 5547.386 GC heap after
{Heap after GC invocations=45 (full 0):
 garbage-first heap   total 261120K, used 109147K [0x00000000a0000000, 0x0000000100000000)
  region size 1024K, 1 young (1024K), 1 survivors (1024K)
 Metaspace       used 101542K, committed 102464K, reserved 1138688K
  class space    used 13670K, committed 14080K, reserved 1048576K
}
Event: 7527.164 GC heap before
{Heap before GC invocations=45 (full 0):
 garbage-first heap   total 261120K, used 211547K [0x00000000a0000000, 0x0000000100000000)
  region size 1024K, 102 young (104448K), 1 survivors (1024K)
 Metaspace       used 101859K, committed 102720K, reserved 1138688K
  class space    used 13679K, committed 14080K, reserved 1048576K
}
Event: 7527.227 GC heap after
{Heap after GC invocations=46 (full 0):
 garbage-first heap   total 261120K, used 115844K [0x00000000a0000000, 0x0000000100000000)
  region size 1024K, 8 young (8192K), 8 survivors (8192K)
 Metaspace       used 101859K, committed 102720K, reserved 1138688K
  class space    used 13679K, committed 14080K, reserved 1048576K
}
Event: 8030.363 GC heap before
{Heap before GC invocations=46 (full 0):
 garbage-first heap   total 261120K, used 213124K [0x00000000a0000000, 0x0000000100000000)
  region size 1024K, 104 young (106496K), 8 survivors (8192K)
 Metaspace       used 102553K, committed 103360K, reserved 1138688K
  class space    used 13756K, committed 14144K, reserved 1048576K
}
Event: 8030.430 GC heap after
{Heap after GC invocations=47 (full 0):
 garbage-first heap   total 261120K, used 118436K [0x00000000a0000000, 0x0000000100000000)
  region size 1024K, 9 young (9216K), 9 survivors (9216K)
 Metaspace       used 102553K, committed 103360K, reserved 1138688K
  class space    used 13756K, committed 14144K, reserved 1048576K
}
Event: 8032.851 GC heap before
{Heap before GC invocations=48 (full 0):
 garbage-first heap   total 334848K, used 320164K [0x00000000a0000000, 0x0000000100000000)
  region size 1024K, 38 young (38912K), 9 survivors (9216K)
 Metaspace       used 102651K, committed 103488K, reserved 1138688K
  class space    used 13757K, committed 14144K, reserved 1048576K
}
Event: 8032.963 GC heap after
{Heap after GC invocations=49 (full 0):
 garbage-first heap   total 334848K, used 132263K [0x00000000a0000000, 0x0000000100000000)
  region size 1024K, 2 young (2048K), 2 survivors (2048K)
 Metaspace       used 102651K, committed 103488K, reserved 1138688K
  class space    used 13757K, committed 14144K, reserved 1048576K
}
Event: 8575.234 GC heap before
{Heap before GC invocations=49 (full 0):
 garbage-first heap   total 334848K, used 149671K [0x00000000a0000000, 0x0000000100000000)
  region size 1024K, 16 young (16384K), 2 survivors (2048K)
 Metaspace       used 102675K, committed 103488K, reserved 1138688K
  class space    used 13757K, committed 14144K, reserved 1048576K
}
Event: 8575.489 GC heap after
{Heap after GC invocations=50 (full 0):
 garbage-first heap   total 334848K, used 114668K [0x00000000a0000000, 0x0000000100000000)
  region size 1024K, 1 young (1024K), 1 survivors (1024K)
 Metaspace       used 102675K, committed 103488K, reserved 1138688K
  class space    used 13757K, committed 14144K, reserved 1048576K
}

